<?xml version="1.0" encoding="UTF-8"?>
<!-- Generated by org.testng.reporters.JUnitReportReporter -->
<testsuite skipped="0" hostname="Justin-PC" name="Test.LoginTest" tests="1" failures="0" timestamp="15 oct 2018 20:21:03 GMT" time="11.447" errors="0">
  <testcase name="verifyLoginUser" time="11.447" classname="Test.LoginTest"/>
</testsuite> <!-- Test.LoginTest -->
