<?xml version="1.0" encoding="UTF-8"?>
<!-- Generated by org.testng.reporters.JUnitReportReporter -->
<testsuite skipped="0" hostname="Justin-PC" name="Test.CreateUserTest" tests="2" failures="0" timestamp="15 oct 2018 20:21:03 GMT" time="32.010" errors="0">
  <testcase name="testVerifyCreateUserEmployees" time="17.967" classname="Test.CreateUserTest"/>
  <testcase name="testCreateUserEmployees" time="14.043" classname="Test.CreateUserTest"/>
</testsuite> <!-- Test.CreateUserTest -->
